2021-08-01 15:05:00,299 [DEBUG] app_info: Saving session: Test 1; None; 1; 2021-08-01 15:05:00.291024
2021-08-01 15:06:13,080 [DEBUG] app_info: Saving session: Test 1; None; 1; 2021-08-01 15:06:13.065071
2021-08-01 15:06:41,759 [DEBUG] app_info: Saving session: Test 1; None; 1; 2021-08-01 15:06:41.759817
2021-08-01 15:06:56,403 [DEBUG] app_info: Saving session: Test 1; None; 1; 2021-08-01 15:06:56.403793
2021-08-01 15:08:05,505 [DEBUG] app_info: Saving session: Test 1; None; 1; 2021-08-01 15:08:05.505484
2021-08-01 15:08:05,521 [DEBUG] app_info: Saving session: Test 1; None; 0; 2021-08-01 15:08:05.521103
2021-08-01 15:08:25,180 [DEBUG] app_info: Saving session: Test 1; None; 1; 2021-08-01 15:08:25.180618
2021-08-01 15:08:25,211 [DEBUG] app_info: Saving session: Test 1; None; 0; 2021-08-01 15:08:25.211904
2021-08-01 15:11:14,299 [DEBUG] app_info: Saving session: Test 1; None; 1; 2021-08-01 15:11:14.299548
2021-08-01 15:11:14,315 [DEBUG] app_info: Saving session: Test 1; None; 0; 2021-08-01 15:11:14.315221
2021-08-01 15:11:14,440 [DEBUG] app_info: Return Tests search: None; ranges: 1970-01-01 12:00:00, 2021-08-01 15:11:14.440215
2021-08-01 15:11:37,072 [DEBUG] app_info: Saving session: Test 1; None; 1; 2021-08-01 15:11:37.056629
2021-08-01 15:11:37,087 [DEBUG] app_info: Saving session: Test 1; None; 0; 2021-08-01 15:11:37.087924
2021-08-01 15:11:37,181 [DEBUG] app_info: Return Tests search: None; ranges: 1970-01-01 12:00:00, 2021-08-01 15:11:37.181667
2021-08-01 15:13:42,886 [DEBUG] app_info: Saving session: Test 1; None; 1; 2021-08-01 15:13:42.886797
2021-08-01 15:13:42,902 [DEBUG] app_info: Saving session: Test 1; None; 0; 2021-08-01 15:13:42.902425
2021-08-01 15:13:43,011 [DEBUG] app_info: Return Tests search: None; ranges: 1970-01-01 12:00:00, 2021-08-01 15:13:43.011794
2021-08-01 15:13:43,027 [DEBUG] app_info: Return Tests search: Test 1; ranges: 1970-01-01 12:00:00, 2021-08-01 15:13:43.027424
2021-08-01 15:15:13,140 [DEBUG] app_info: Saving session: Test 1; None; 1; 2021-08-01 15:15:13.125274
2021-08-01 15:15:13,156 [DEBUG] app_info: Saving session: Test 1; None; 0; 2021-08-01 15:15:13.156520
2021-08-01 15:15:13,265 [DEBUG] app_info: Return Tests search: None; ranges: 1970-01-01 12:00:00, 2021-08-01 15:15:13.265933
2021-08-01 15:15:13,281 [DEBUG] app_info: Return Tests search: Test 1; ranges: 1970-01-01 12:00:00, 2021-08-01 15:15:13.281560
2021-08-01 15:15:30,656 [DEBUG] app_info: Saving session: Test 1; None; 1; 2021-08-01 15:15:30.656059
2021-08-01 15:15:30,671 [DEBUG] app_info: Saving session: Test 1; None; 0; 2021-08-01 15:15:30.671685
2021-08-01 15:15:30,781 [DEBUG] app_info: Return Tests search: None; ranges: 1970-01-01 12:00:00, 2021-08-01 15:15:30.781058
2021-08-01 15:15:30,796 [DEBUG] app_info: Return Tests search: Test 1; ranges: 1970-01-01 12:00:00, 2021-08-01 15:15:30.796686
2021-08-01 15:16:04,031 [DEBUG] app_info: Saving session: Test 1; None; 1; 2021-08-01 15:16:04.031280
2021-08-01 15:16:04,046 [DEBUG] app_info: Saving session: Test 1; None; 0; 2021-08-01 15:16:04.046906
2021-08-01 15:16:04,156 [DEBUG] app_info: Return Tests search: None; ranges: 1970-01-01 12:00:00, 2021-08-01 15:16:04.156279
2021-08-01 15:16:04,156 [DEBUG] app_info: Return Tests search: Test 1; ranges: 1970-01-01 12:00:00, 2021-08-01 15:16:04.156279
2021-08-01 15:16:18,319 [DEBUG] app_info: Saving session: Test 1; None; 1; 2021-08-01 15:16:18.319893
2021-08-01 15:16:18,351 [DEBUG] app_info: Saving session: Test 1; None; 0; 2021-08-01 15:16:18.335523
2021-08-01 15:16:18,476 [DEBUG] app_info: Return Tests search: None; ranges: 1970-01-01 12:00:00, 2021-08-01 15:16:18.476183
2021-08-01 15:16:18,507 [DEBUG] app_info: Return Tests search: Test 1; ranges: 1970-01-01 12:00:00, 2021-08-01 15:16:18.507435
2021-08-01 15:18:16,423 [DEBUG] app_info: Saving session: Test 1; None; 1; 2021-08-01 15:18:16.423776
2021-08-01 15:18:16,455 [DEBUG] app_info: Saving session: Test 1; None; 0; 2021-08-01 15:18:16.455025
2021-08-01 15:18:16,595 [DEBUG] app_info: Return Tests search: None; ranges: 1970-01-01 12:00:00, 2021-08-01 15:18:16.595650
2021-08-01 15:18:16,611 [DEBUG] app_info: Return Tests search: Test 1; ranges: 1970-01-01 12:00:00, 2021-08-01 15:18:16.611276
2021-08-01 15:18:16,626 [DEBUG] app_info: Return Tests search: OOOOOORRRR; ranges: 1970-01-01 12:00:00, 2021-08-01 15:18:16.626902
2021-08-01 15:27:19,191 [DEBUG] app_info: Saving session: Test 1; None; 1; 2021-08-01 15:27:19.175390
2021-08-01 15:27:19,222 [DEBUG] app_info: Saving session: Test 1; None; 0; 2021-08-01 15:27:19.206640
2021-08-01 15:27:19,347 [DEBUG] app_info: Return Tests search: None; ranges: 1970-01-01 12:00:00, 2021-08-01 15:27:19.347306
2021-08-01 15:27:19,378 [DEBUG] app_info: Return Tests search: Test 1; ranges: 1970-01-01 12:00:00, 2021-08-01 15:27:19.378558
2021-08-01 15:27:19,378 [DEBUG] app_info: Return Tests search: OOOOOORRRR; ranges: 1970-01-01 12:00:00, 2021-08-01 15:27:19.378558
2021-08-01 15:27:36,538 [DEBUG] app_info: Saving session: Test 1; None; 1; 2021-08-01 15:27:36.538583
2021-08-01 15:27:36,569 [DEBUG] app_info: Saving session: Test 1; None; 0; 2021-08-01 15:27:36.569872
2021-08-01 15:27:36,710 [DEBUG] app_info: Return Tests search: None; ranges: 1970-01-01 12:00:00, 2021-08-01 15:27:36.710500
2021-08-01 15:27:36,726 [DEBUG] app_info: Return Tests search: Test 1; ranges: 1970-01-01 12:00:00, 2021-08-01 15:27:36.726133
2021-08-01 15:27:36,741 [DEBUG] app_info: Return Tests search: OOOOOORRRR; ranges: 1970-01-01 12:00:00, 2021-08-01 15:27:36.741713
2021-08-01 15:28:44,065 [DEBUG] app_info: Saving session: Test 1; None; 1; 2021-08-01 15:28:44.049603
2021-08-01 15:28:44,096 [DEBUG] app_info: Saving session: Test 1; None; 0; 2021-08-01 15:28:44.080837
2021-08-01 15:28:44,221 [DEBUG] app_info: Return Tests search: None; ranges: 1970-01-01 12:00:00, 2021-08-01 15:28:44.221460
2021-08-01 15:28:44,252 [DEBUG] app_info: Return Tests search: Test 1; ranges: 1970-01-01 12:00:00, 2021-08-01 15:28:44.252723
2021-08-01 15:28:44,268 [DEBUG] app_info: Return Tests search: OOOOOORRRR; ranges: 1970-01-01 12:00:00, 2021-08-01 15:28:44.268296
2021-08-01 15:29:12,582 [DEBUG] app_info: Saving session: Test 1; None; 1; 2021-08-01 15:29:12.582069
2021-08-01 15:29:12,613 [DEBUG] app_info: Saving session: Test 1; None; 0; 2021-08-01 15:29:12.613324
2021-08-01 15:29:12,753 [DEBUG] app_info: Return Tests search: None; ranges: 1970-01-01 12:00:00, 2021-08-01 15:29:12.753947
2021-08-01 15:29:12,769 [DEBUG] app_info: Return Tests search: Test 1; ranges: 1970-01-01 12:00:00, 2021-08-01 15:29:12.769579
2021-08-01 15:29:12,785 [DEBUG] app_info: Return Tests search: OOOOOORRRR; ranges: 1970-01-01 12:00:00, 2021-08-01 15:29:12.785197
2021-08-01 15:29:28,700 [DEBUG] app_info: Saving session: Test 1; None; 1; 2021-08-01 15:29:28.700154
2021-08-01 15:29:28,731 [DEBUG] app_info: Saving session: Test 1; None; 0; 2021-08-01 15:29:28.731445
2021-08-01 15:29:28,872 [DEBUG] app_info: Return Tests search: None; ranges: 1970-01-01 12:00:00, 2021-08-01 15:29:28.872068
2021-08-01 15:29:28,887 [DEBUG] app_info: Return Tests search: Test 1; ranges: 1970-01-01 12:00:00, 2021-08-01 15:29:28.887693
2021-08-01 15:29:28,903 [DEBUG] app_info: Return Tests search: OOOOOORRRR; ranges: 1970-01-01 12:00:00, 2021-08-01 15:29:28.903319
2021-08-01 17:04:15,897 [DEBUG] app_info: Saving session: Test 1; None; 1; 2021-08-01 17:04:15.897355
2021-08-01 17:05:31,369 [DEBUG] app_info: Saving session: Test 1; None; 1; 2021-08-01 17:05:31.369183
2021-08-01 17:05:31,384 [DEBUG] app_info: Saving session: Test 1; None; 0; 2021-08-01 17:05:31.384809
2021-08-01 17:06:49,162 [DEBUG] app_info: Saving session: Test 1; None; 1; 2021-08-01 17:06:49.162000
2021-08-01 17:06:49,177 [DEBUG] app_info: Saving session: Test 1; None; 0; 2021-08-01 17:06:49.177624
2021-08-01 17:06:49,927 [DEBUG] app_info: Return Tests search: None; ranges: 1970-01-01 12:00:00, 2021-08-01 17:06:49.927678
2021-08-01 17:07:04,181 [DEBUG] app_info: Saving session: Test 1; None; 1; 2021-08-01 17:07:04.181639
2021-08-01 17:07:04,197 [DEBUG] app_info: Saving session: Test 1; None; 0; 2021-08-01 17:07:04.197190
2021-08-01 17:07:04,212 [DEBUG] app_info: Return Tests search: None; ranges: 1970-01-01 12:00:00, 2021-08-01 17:07:04.212816
2021-08-01 17:09:28,815 [DEBUG] app_info: Saving session: Test 1; None; 1; 2021-08-01 17:09:28.800203
2021-08-01 17:09:28,831 [DEBUG] app_info: Saving session: Test 1; None; 0; 2021-08-01 17:09:28.815809
2021-08-01 17:09:28,831 [DEBUG] app_info: Return Tests search: None; ranges: 1970-01-01 12:00:00, 2021-08-01 17:09:28.831435
2021-08-01 17:09:28,847 [DEBUG] app_info: Return Tests search: Test 1; ranges: 1970-01-01 12:00:00, 2021-08-01 17:09:28.847053
2021-08-01 17:09:59,478 [DEBUG] app_info: Saving session: Test 1; None; 1; 2021-08-01 17:09:59.478625
2021-08-01 17:09:59,494 [DEBUG] app_info: Saving session: Test 1; None; 0; 2021-08-01 17:09:59.494246
2021-08-01 17:09:59,494 [DEBUG] app_info: Return Tests search: None; ranges: 1970-01-01 12:00:00, 2021-08-01 17:09:59.494246
2021-08-01 17:09:59,525 [DEBUG] app_info: Return Tests search: Test 1; ranges: 1970-01-01 12:00:00, 2021-08-01 17:09:59.525498
2021-08-01 17:11:39,599 [DEBUG] app_info: Saving session: Test 1; None; 1; 2021-08-01 17:11:39.599268
2021-08-01 17:11:39,614 [DEBUG] app_info: Saving session: Test 1; None; 0; 2021-08-01 17:11:39.614894
2021-08-01 17:11:39,614 [DEBUG] app_info: Return Tests search: None; ranges: 1970-01-01 12:00:00, 2021-08-01 17:11:39.614894
2021-08-01 17:11:39,646 [DEBUG] app_info: Return Tests search: Test 1; ranges: 1970-01-01 12:00:00, 2021-08-01 17:11:39.646167
2021-08-01 17:11:39,661 [DEBUG] app_info: Return Tests search: OOOOOORRRR; ranges: 1970-01-01 12:00:00, 2021-08-01 17:11:39.661784
2021-08-01 17:14:02,578 [DEBUG] app_info: Saving session: Test 1; None; 1; 2021-08-01 17:14:02.578467
2021-08-01 17:14:02,594 [DEBUG] app_info: Saving session: Test 1; None; 0; 2021-08-01 17:14:02.594092
2021-08-01 17:14:02,609 [DEBUG] app_info: Return Tests search: None; ranges: 1970-01-01 12:00:00, 2021-08-01 17:14:02.609718
2021-08-01 17:14:02,625 [DEBUG] app_info: Return Tests search: Test 1; ranges: 1970-01-01 12:00:00, 2021-08-01 17:14:02.625344
2021-08-01 17:14:02,641 [DEBUG] app_info: Return Tests search: OOOOOORRRR; ranges: 1970-01-01 12:00:00, 2021-08-01 17:14:02.641014
2021-08-01 17:14:36,987 [DEBUG] app_info: Saving session: Test 1; None; 1; 2021-08-01 17:14:36.987402
2021-08-01 17:14:37,003 [DEBUG] app_info: Saving session: Test 1; None; 0; 2021-08-01 17:14:37.003026
2021-08-01 17:14:37,003 [DEBUG] app_info: Return Tests search: None; ranges: 1970-01-01 12:00:00, 2021-08-01 17:14:37.003026
2021-08-01 17:14:37,018 [DEBUG] app_info: Return Tests search: Test 1; ranges: 1970-01-01 12:00:00, 2021-08-01 17:14:37.018652
2021-08-01 17:14:37,034 [DEBUG] app_info: Return Tests search: OOOOOORRRR; ranges: 1970-01-01 12:00:00, 2021-08-01 17:14:37.034322
2021-08-01 17:27:32,428 [DEBUG] app_info: Return Tests search: None; ranges: 1970-01-01 12:00:00, 2021-08-01 17:27:32.428352
2021-08-01 17:27:44,309 [DEBUG] app_info: Return Tests search: fac; ranges: 1970-01-01 12:00:00, 2021-08-01 17:27:44.309071
2021-08-01 17:44:33,339 [DEBUG] app_info: Return Tests search: fac; ranges: 1970-01-01 12:00:00, 2021-08-01 17:44:33.339804
2021-08-01 17:44:50,076 [DEBUG] app_info: Saving session: Facts about United States of America; None; 1; 2021-08-01 17:44:49.996790
2021-08-01 17:44:50,108 [DEBUG] app_info: Return Tests search: None; ranges: 1970-01-01 12:00:00, 2021-08-01 17:44:50.108835
2021-08-01 17:44:59,041 [DEBUG] app_info: Return Tests search: None; ranges: 1970-01-01 12:00:00, 2021-08-01 17:44:59.033295
