2021-08-01 15:05:00,745 [DEBUG] auth_info: Registered user Ivan
2021-08-01 15:05:01,355 [DEBUG] auth_info: Login user: test
2021-08-01 15:05:01,949 [DEBUG] auth_info: Login user: test
2021-08-01 15:05:01,949 [DEBUG] auth_info: Log out user: test
2021-08-01 15:06:13,440 [DEBUG] auth_info: Registered user Ivan
2021-08-01 15:06:14,018 [DEBUG] auth_info: Login user: test
2021-08-01 15:06:14,611 [DEBUG] auth_info: Login user: test
2021-08-01 15:06:14,627 [DEBUG] auth_info: Log out user: test
2021-08-01 15:06:42,072 [DEBUG] auth_info: Registered user Ivan
2021-08-01 15:06:42,668 [DEBUG] auth_info: Login user: test
2021-08-01 15:06:43,262 [DEBUG] auth_info: Login user: test
2021-08-01 15:06:43,262 [DEBUG] auth_info: Log out user: test
2021-08-01 15:06:56,716 [DEBUG] auth_info: Registered user Ivan
2021-08-01 15:06:57,310 [DEBUG] auth_info: Login user: test
2021-08-01 15:06:57,903 [DEBUG] auth_info: Login user: test
2021-08-01 15:06:57,903 [DEBUG] auth_info: Log out user: test
2021-08-01 15:08:05,833 [DEBUG] auth_info: Registered user Ivan
2021-08-01 15:08:06,411 [DEBUG] auth_info: Login user: test
2021-08-01 15:08:07,005 [DEBUG] auth_info: Login user: test
2021-08-01 15:08:07,005 [DEBUG] auth_info: Log out user: test
2021-08-01 15:08:25,524 [DEBUG] auth_info: Registered user Ivan
2021-08-01 15:08:26,118 [DEBUG] auth_info: Login user: test
2021-08-01 15:08:26,711 [DEBUG] auth_info: Login user: test
2021-08-01 15:08:26,711 [DEBUG] auth_info: Log out user: test
2021-08-01 15:11:14,674 [DEBUG] auth_info: Registered user Ivan
2021-08-01 15:11:15,252 [DEBUG] auth_info: Login user: test
2021-08-01 15:11:15,846 [DEBUG] auth_info: Login user: test
2021-08-01 15:11:15,846 [DEBUG] auth_info: Log out user: test
2021-08-01 15:11:37,400 [DEBUG] auth_info: Registered user Ivan
2021-08-01 15:11:37,978 [DEBUG] auth_info: Login user: test
2021-08-01 15:11:38,587 [DEBUG] auth_info: Login user: test
2021-08-01 15:11:38,587 [DEBUG] auth_info: Log out user: test
2021-08-01 15:13:43,246 [DEBUG] auth_info: Registered user Ivan
2021-08-01 15:13:43,839 [DEBUG] auth_info: Login user: test
2021-08-01 15:13:44,433 [DEBUG] auth_info: Login user: test
2021-08-01 15:13:44,433 [DEBUG] auth_info: Log out user: test
2021-08-01 15:15:13,484 [DEBUG] auth_info: Registered user Ivan
2021-08-01 15:15:14,062 [DEBUG] auth_info: Login user: test
2021-08-01 15:15:14,656 [DEBUG] auth_info: Login user: test
2021-08-01 15:15:14,656 [DEBUG] auth_info: Log out user: test
2021-08-01 15:15:30,999 [DEBUG] auth_info: Registered user Ivan
2021-08-01 15:15:31,593 [DEBUG] auth_info: Login user: test
2021-08-01 15:15:32,177 [DEBUG] auth_info: Login user: test
2021-08-01 15:15:32,192 [DEBUG] auth_info: Log out user: test
2021-08-01 15:16:04,375 [DEBUG] auth_info: Registered user Ivan
2021-08-01 15:16:04,953 [DEBUG] auth_info: Login user: test
2021-08-01 15:16:05,546 [DEBUG] auth_info: Login user: test
2021-08-01 15:16:05,546 [DEBUG] auth_info: Log out user: test
2021-08-01 15:16:18,728 [DEBUG] auth_info: Registered user Ivan
2021-08-01 15:16:19,306 [DEBUG] auth_info: Login user: test
2021-08-01 15:16:19,900 [DEBUG] auth_info: Login user: test
2021-08-01 15:16:19,900 [DEBUG] auth_info: Log out user: test
2021-08-01 15:18:16,848 [DEBUG] auth_info: Registered user Ivan
2021-08-01 15:18:17,426 [DEBUG] auth_info: Login user: test
2021-08-01 15:18:18,020 [DEBUG] auth_info: Login user: test
2021-08-01 15:18:18,020 [DEBUG] auth_info: Log out user: test
2021-08-01 15:27:19,691 [DEBUG] auth_info: Registered user Ivan
2021-08-01 15:27:20,269 [DEBUG] auth_info: Login user: test
2021-08-01 15:27:20,878 [DEBUG] auth_info: Login user: test
2021-08-01 15:27:20,878 [DEBUG] auth_info: Log out user: test
2021-08-01 15:27:37,023 [DEBUG] auth_info: Registered user Ivan
2021-08-01 15:27:37,601 [DEBUG] auth_info: Login user: test
2021-08-01 15:27:38,194 [DEBUG] auth_info: Login user: test
2021-08-01 15:27:38,210 [DEBUG] auth_info: Log out user: test
2021-08-01 15:28:44,502 [DEBUG] auth_info: Registered user Ivan
2021-08-01 15:28:45,081 [DEBUG] auth_info: Login user: test
2021-08-01 15:28:45,675 [DEBUG] auth_info: Login user: test
2021-08-01 15:28:45,675 [DEBUG] auth_info: Log out user: test
2021-08-01 15:29:13,019 [DEBUG] auth_info: Registered user Ivan
2021-08-01 15:29:13,597 [DEBUG] auth_info: Login user: test
2021-08-01 15:29:14,191 [DEBUG] auth_info: Login user: test
2021-08-01 15:29:14,207 [DEBUG] auth_info: Log out user: test
2021-08-01 15:29:29,137 [DEBUG] auth_info: Registered user Ivan
2021-08-01 15:29:29,724 [DEBUG] auth_info: Login user: test
2021-08-01 15:29:30,334 [DEBUG] auth_info: Login user: test
2021-08-01 15:29:30,350 [DEBUG] auth_info: Log out user: test
2021-08-01 16:24:20,874 [DEBUG] auth_info: Registered user Ivan
2021-08-01 16:24:32,529 [DEBUG] auth_info: Registered user Ivan
2021-08-01 16:28:47,533 [DEBUG] auth_info: Registered user Ivan
2021-08-01 16:29:24,699 [DEBUG] auth_info: Registered user Ivan
2021-08-01 16:29:55,066 [DEBUG] auth_info: Registered user Ivan
2021-08-01 16:32:04,849 [DEBUG] auth_info: Registered user Ivan
2021-08-01 16:36:05,225 [DEBUG] auth_info: Registered user Ivan
2021-08-01 16:37:31,087 [DEBUG] auth_info: Registered user Ivan
2021-08-01 16:39:19,626 [DEBUG] auth_info: Registered user Ivan
2021-08-01 16:41:54,042 [DEBUG] auth_info: Registered user Ivan
2021-08-01 16:42:10,476 [DEBUG] auth_info: Registered user Ivan
2021-08-01 16:42:42,808 [DEBUG] auth_info: Registered user Ivan
2021-08-01 16:42:58,724 [DEBUG] auth_info: Registered user Ivan
2021-08-01 16:42:59,650 [DEBUG] auth_info: Log out user: 
2021-08-01 16:43:13,199 [DEBUG] auth_info: Registered user Ivan
2021-08-01 16:43:14,595 [DEBUG] auth_info: Log out user: 
2021-08-01 16:43:38,498 [DEBUG] auth_info: Registered user Ivan
2021-08-01 16:43:39,873 [DEBUG] auth_info: Log out user: 
2021-08-01 16:43:52,539 [DEBUG] auth_info: Registered user Ivan
2021-08-01 16:43:53,976 [DEBUG] auth_info: Log out user: 
2021-08-01 16:44:03,710 [DEBUG] auth_info: Registered user Ivan
2021-08-01 16:44:05,132 [DEBUG] auth_info: Log out user: 
2021-08-01 16:44:31,042 [DEBUG] auth_info: Registered user Ivan
2021-08-01 16:44:32,221 [DEBUG] auth_info: Log out user: 
2021-08-01 16:45:12,473 [DEBUG] auth_info: Registered user Ivan
2021-08-01 16:45:13,426 [DEBUG] auth_info: Log out user: 
2021-08-01 16:49:24,267 [DEBUG] auth_info: Registered user Ivan
2021-08-01 16:49:25,142 [DEBUG] auth_info: Log out user: 
2021-08-01 16:49:59,929 [DEBUG] auth_info: Registered user Ivan
2021-08-01 16:50:00,616 [DEBUG] auth_info: Log out user: 
2021-08-01 16:50:00,616 [DEBUG] auth_info: Log out user: 
2021-08-01 16:50:10,469 [DEBUG] auth_info: Registered user Ivan
2021-08-01 16:50:52,303 [DEBUG] auth_info: Registered user Ivan
2021-08-01 16:50:52,990 [DEBUG] auth_info: Login user: testname
2021-08-01 16:51:07,551 [DEBUG] auth_info: Registered user Ivan
2021-08-01 16:51:17,385 [DEBUG] auth_info: Registered user Ivan
2021-08-01 16:51:18,115 [DEBUG] auth_info: Login user: testname
2021-08-01 16:51:37,729 [DEBUG] auth_info: Registered user Ivan
2021-08-01 16:51:44,526 [DEBUG] auth_info: Registered user Ivan
2021-08-01 16:51:45,182 [DEBUG] auth_info: Login user: testname
2021-08-01 16:51:55,172 [DEBUG] auth_info: Registered user Ivan
2021-08-01 16:51:56,172 [DEBUG] auth_info: Login user: testname
2021-08-01 16:52:18,260 [DEBUG] auth_info: Registered user Ivan
2021-08-01 16:52:18,947 [DEBUG] auth_info: Login user: testname
2021-08-01 16:53:29,683 [DEBUG] auth_info: Registered user Ivan
2021-08-01 16:53:30,479 [DEBUG] auth_info: Login user: testname
2021-08-01 16:53:30,839 [DEBUG] auth_info: Log out user: 
2021-08-01 16:53:50,923 [DEBUG] auth_info: Registered user Ivan
2021-08-01 16:53:51,548 [DEBUG] auth_info: Login user: testname
2021-08-01 16:53:51,923 [DEBUG] auth_info: Log out user: 
2021-08-01 16:54:00,533 [DEBUG] auth_info: Registered user Ivan
2021-08-01 16:54:01,486 [DEBUG] auth_info: Login user: testname
2021-08-01 16:54:01,892 [DEBUG] auth_info: Log out user: 
2021-08-01 16:59:42,706 [DEBUG] auth_info: Registered user Ivan
2021-08-01 16:59:43,128 [DEBUG] auth_info: Login user: testname
2021-08-01 16:59:43,284 [DEBUG] auth_info: Log out user: 
2021-08-01 17:03:01,715 [DEBUG] auth_info: Registered user Ivan
2021-08-01 17:03:02,137 [DEBUG] auth_info: Login user: testname
2021-08-01 17:03:02,293 [DEBUG] auth_info: Log out user: 
2021-08-01 17:03:25,020 [DEBUG] auth_info: Registered user Ivan
2021-08-01 17:03:25,442 [DEBUG] auth_info: Login user: testname
2021-08-01 17:03:25,754 [DEBUG] auth_info: Log out user: 
2021-08-01 17:03:55,685 [DEBUG] auth_info: Registered user Ivan
2021-08-01 17:03:56,201 [DEBUG] auth_info: Login user: testname
2021-08-01 17:03:56,529 [DEBUG] auth_info: Log out user: 
2021-08-01 17:04:16,069 [DEBUG] auth_info: Registered user Ivan
2021-08-01 17:04:16,491 [DEBUG] auth_info: Login user: testname
2021-08-01 17:04:16,647 [DEBUG] auth_info: Log out user: 
2021-08-01 17:05:31,541 [DEBUG] auth_info: Registered user Ivan
2021-08-01 17:05:31,975 [DEBUG] auth_info: Login user: testname
2021-08-01 17:05:32,129 [DEBUG] auth_info: Log out user: 
2021-08-01 17:06:49,333 [DEBUG] auth_info: Registered user Ivan
2021-08-01 17:06:49,755 [DEBUG] auth_info: Login user: testname
2021-08-01 17:06:49,912 [DEBUG] auth_info: Log out user: 
2021-08-01 17:07:04,384 [DEBUG] auth_info: Registered user Ivan
2021-08-01 17:07:04,806 [DEBUG] auth_info: Login user: testname
2021-08-01 17:07:04,962 [DEBUG] auth_info: Log out user: 
2021-08-01 17:09:29,018 [DEBUG] auth_info: Registered user Ivan
2021-08-01 17:09:29,440 [DEBUG] auth_info: Login user: testname
2021-08-01 17:09:29,597 [DEBUG] auth_info: Log out user: 
2021-08-01 17:09:59,697 [DEBUG] auth_info: Registered user Ivan
2021-08-01 17:10:00,119 [DEBUG] auth_info: Login user: testname
2021-08-01 17:10:00,306 [DEBUG] auth_info: Log out user: 
2021-08-01 17:11:39,818 [DEBUG] auth_info: Registered user Ivan
2021-08-01 17:11:40,239 [DEBUG] auth_info: Login user: testname
2021-08-01 17:11:40,396 [DEBUG] auth_info: Log out user: 
2021-08-01 17:14:02,969 [DEBUG] auth_info: Registered user Ivan
2021-08-01 17:14:03,391 [DEBUG] auth_info: Login user: testname
2021-08-01 17:14:03,547 [DEBUG] auth_info: Log out user: 
2021-08-01 17:14:37,221 [DEBUG] auth_info: Registered user Ivan
2021-08-01 17:14:37,643 [DEBUG] auth_info: Login user: testname
2021-08-01 17:14:37,799 [DEBUG] auth_info: Log out user: 
